<?xml version="1.0" encoding="UTF-8"?>
<testng-results ignored="0" total="5" passed="5" failed="0" skipped="0">
  <reporter-output>
  </reporter-output>
  <suite started-at="2021-11-14T20:44:56 MSK" name="AirportTest" finished-at="2021-11-14T20:44:56 MSK" duration-ms="217">
    <groups>
    </groups>
    <test started-at="2021-11-14T20:44:56 MSK" name="Command line test" finished-at="2021-11-14T20:44:56 MSK" duration-ms="217">
      <class name="AirportTest">
        <test-method signature="testExperimentalPlanesHasClassificationLevelHigherThanUnclassified()[pri:0, instance:AirportTest@7a1ebcd8]" started-at="2021-11-14T20:44:56 MSK" name="testExperimentalPlanesHasClassificationLevelHigherThanUnclassified" finished-at="2021-11-14T20:44:56 MSK" duration-ms="33" status="PASS">
          <reporter-output>
          </reporter-output>
        </test-method> <!-- testExperimentalPlanesHasClassificationLevelHigherThanUnclassified -->
        <test-method signature="testGetPassengerPlaneWithMaxCapacity()[pri:0, instance:AirportTest@7a1ebcd8]" started-at="2021-11-14T20:44:56 MSK" name="testGetPassengerPlaneWithMaxCapacity" finished-at="2021-11-14T20:44:56 MSK" duration-ms="97" status="PASS">
          <reporter-output>
          </reporter-output>
        </test-method> <!-- testGetPassengerPlaneWithMaxCapacity -->
        <test-method signature="testGetTransportMilitaryPlanes()[pri:0, instance:AirportTest@7a1ebcd8]" started-at="2021-11-14T20:44:56 MSK" name="testGetTransportMilitaryPlanes" finished-at="2021-11-14T20:44:56 MSK" duration-ms="3" status="PASS">
          <reporter-output>
          </reporter-output>
        </test-method> <!-- testGetTransportMilitaryPlanes -->
        <test-method signature="testHasAtLeastOneBomberInMilitaryPlanes()[pri:0, instance:AirportTest@7a1ebcd8]" started-at="2021-11-14T20:44:56 MSK" name="testHasAtLeastOneBomberInMilitaryPlanes" finished-at="2021-11-14T20:44:56 MSK" duration-ms="1" status="PASS">
          <reporter-output>
          </reporter-output>
        </test-method> <!-- testHasAtLeastOneBomberInMilitaryPlanes -->
        <test-method signature="testSortingPlanesByMaxLoadCapacity()[pri:0, instance:AirportTest@7a1ebcd8]" started-at="2021-11-14T20:44:56 MSK" name="testSortingPlanesByMaxLoadCapacity" finished-at="2021-11-14T20:44:56 MSK" duration-ms="2" status="PASS">
          <reporter-output>
          </reporter-output>
        </test-method> <!-- testSortingPlanesByMaxLoadCapacity -->
      </class> <!-- AirportTest -->
    </test> <!-- Command line test -->
  </suite> <!-- AirportTest -->
</testng-results>
